This is pdfTeX, Version 3.141592653-2.6-1.40.25 (MiKTeX 24.1) (preloaded format=pdflatex 2024.3.29)  29 MAR 2024 18:07
entering extended mode
 restricted \write18 enabled.
 %&-line parsing enabled.
**./latex.tex
(latex.tex
LaTeX2e <2023-11-01> patch level 1
L3 programming layer <2024-01-04>
(C:\Users\DELL\AppData\Local\Programs\MiKTeX\tex/latex/base\article.cls
Document Class: article 2023/05/17 v1.4n Standard LaTeX document class
(C:\Users\DELL\AppData\Local\Programs\MiKTeX\tex/latex/base\size10.clo
File: size10.clo 2023/05/17 v1.4n Standard LaTeX file (size option)
)
\c@part=\count187
\c@section=\count188
\c@subsection=\count189
\c@subsubsection=\count190
\c@paragraph=\count191
\c@subparagraph=\count192
\c@figure=\count193
\c@table=\count194
\abovecaptionskip=\skip48
\belowcaptionskip=\skip49
\bibindent=\dimen140
)
(C:\Users\DELL\AppData\Local\Programs\MiKTeX\tex/latex/tools\multicol.sty
Package: multicol 2023/03/30 v1.9f multicolumn formatting (FMi)
\c@tracingmulticols=\count195
\mult@box=\box51
\multicol@leftmargin=\dimen141
\c@unbalance=\count196
\c@collectmore=\count197
\doublecol@number=\count198
\multicoltolerance=\count199
\multicolpretolerance=\count266
\full@width=\dimen142
\page@free=\dimen143
\premulticols=\dimen144
\postmulticols=\dimen145
\multicolsep=\skip50
\multicolbaselineskip=\skip51
\partial@page=\box52
\last@line=\box53
\mc@boxedresult=\box54
\maxbalancingoverflow=\dimen146
\mult@rightbox=\box55
\mult@grightbox=\box56
\mult@firstbox=\box57
\mult@gfirstbox=\box58
\@tempa=\box59
\@tempa=\box60
\@tempa=\box61
\@tempa=\box62
\@tempa=\box63
\@tempa=\box64
\@tempa=\box65
\@tempa=\box66
\@tempa=\box67
\@tempa=\box68
\@tempa=\box69
\@tempa=\box70
\@tempa=\box71
\@tempa=\box72
\@tempa=\box73
\@tempa=\box74
\@tempa=\box75
\@tempa=\box76
\@tempa=\box77
\@tempa=\box78
\@tempa=\box79
\@tempa=\box80
\@tempa=\box81
\@tempa=\box82
\@tempa=\box83
\@tempa=\box84
\@tempa=\box85
\@tempa=\box86
\@tempa=\box87
\@tempa=\box88
\@tempa=\box89
\@tempa=\box90
\@tempa=\box91
\@tempa=\box92
\@tempa=\box93
\@tempa=\box94
\c@minrows=\count267
\c@columnbadness=\count268
\c@finalcolumnbadness=\count269
\last@try=\dimen147
\multicolovershoot=\dimen148
\multicolundershoot=\dimen149
\mult@nat@firstbox=\box95
\colbreak@box=\box96
\mc@col@check@num=\count270
)
\colwidth=\skip52

(C:\Users\DELL\AppData\Local\Programs\MiKTeX\tex/latex/l3backend\l3backend-pdft
ex.def
File: l3backend-pdftex.def 2024-01-04 L3 backend support: PDF output (pdfTeX)
\l__color_backend_stack_int=\count271
\l__pdf_internal_box=\box97
) (latex.aux)
\openout1 = `latex.aux'.

LaTeX Font Info:    Checking defaults for OML/cmm/m/it on input line 21.
LaTeX Font Info:    ... okay on input line 21.
LaTeX Font Info:    Checking defaults for OMS/cmsy/m/n on input line 21.
LaTeX Font Info:    ... okay on input line 21.
LaTeX Font Info:    Checking defaults for OT1/cmr/m/n on input line 21.
LaTeX Font Info:    ... okay on input line 21.
LaTeX Font Info:    Checking defaults for T1/cmr/m/n on input line 21.
LaTeX Font Info:    ... okay on input line 21.
LaTeX Font Info:    Checking defaults for TS1/cmr/m/n on input line 21.
LaTeX Font Info:    ... okay on input line 21.
LaTeX Font Info:    Checking defaults for OMX/cmex/m/n on input line 21.
LaTeX Font Info:    ... okay on input line 21.
LaTeX Font Info:    Checking defaults for U/cmr/m/n on input line 21.
LaTeX Font Info:    ... okay on input line 21.
LaTeX Font Info:    External font `cmex10' loaded for size
(Font)              <7> on input line 25.
LaTeX Font Info:    External font `cmex10' loaded for size
(Font)              <5> on input line 25.

Overfull \hbox (15.0pt too wide) in paragraph at lines 25--25
[]$[]$ 
 []


Overfull \hbox (15.0pt too wide) in paragraph at lines 28--28
[]$[]$ 
 []


Overfull \hbox (15.0pt too wide) in paragraph at lines 31--31
[]$[]$ 
 []


Overfull \hbox (15.0pt too wide) in paragraph at lines 34--34
[]$[]$ 
 []


Overfull \hbox (15.0pt too wide) in paragraph at lines 37--37
[]$[]$ 
 []


Overfull \hbox (15.0pt too wide) in paragraph at lines 40--40
[]$[]$ 
 []


Overfull \hbox (15.0pt too wide) in paragraph at lines 43--43
[]$[]$ 
 []


Overfull \hbox (15.0pt too wide) in paragraph at lines 46--46
[]$[]$ 
 []

[1

{C:/Users/DELL/AppData/Local/MiKTeX/fonts/map/pdftex/pdftex.map}]
Overfull \hbox (15.0pt too wide) in paragraph at lines 49--49
[]$[]$ 
 []


Overfull \hbox (15.0pt too wide) in paragraph at lines 52--52
[]$[]$ 
 []


Overfull \hbox (15.0pt too wide) in paragraph at lines 55--55
[]$[]$ 
 []


Overfull \hbox (15.0pt too wide) in paragraph at lines 58--58
[]$[]$ 
 []


Overfull \hbox (15.0pt too wide) in paragraph at lines 61--61
[]$[]$ 
 []


Overfull \hbox (15.0pt too wide) in paragraph at lines 64--64
[]$[]$ 
 []


Overfull \hbox (15.0pt too wide) in paragraph at lines 67--67
[]$[]$ 
 []

[2]
Overfull \hbox (15.0pt too wide) in paragraph at lines 70--70
[]$[]$ 
 []


Overfull \hbox (15.0pt too wide) in paragraph at lines 73--73
[]$[]$ 
 []


Overfull \hbox (15.0pt too wide) in paragraph at lines 76--76
[]$[]$ 
 []


Overfull \hbox (15.0pt too wide) in paragraph at lines 79--79
[]$[]$ 
 []


Overfull \hbox (15.0pt too wide) in paragraph at lines 82--82
[]$[]$ 
 []


Overfull \hbox (15.0pt too wide) in paragraph at lines 85--85
[]$[]$ 
 []


Overfull \hbox (15.0pt too wide) in paragraph at lines 88--88
[]$[]$ 
 []

[3]
Overfull \hbox (15.0pt too wide) in paragraph at lines 91--91
[]$[]$ 
 []


Overfull \hbox (15.0pt too wide) in paragraph at lines 94--94
[]$[]$ 
 []


Overfull \hbox (15.0pt too wide) in paragraph at lines 97--97
[]$[]$ 
 []


Overfull \hbox (15.0pt too wide) in paragraph at lines 100--100
[]$[]$ 
 []


Overfull \hbox (15.0pt too wide) in paragraph at lines 103--103
[]$[]$ 
 []


Overfull \hbox (15.0pt too wide) in paragraph at lines 106--106
[]$[]$ 
 []


Overfull \hbox (15.0pt too wide) in paragraph at lines 109--109
[]$[]$ 
 []

[4]
Overfull \hbox (15.0pt too wide) in paragraph at lines 112--112
[]$[]$ 
 []


Overfull \hbox (15.0pt too wide) in paragraph at lines 115--115
[]$[]$ 
 []


Overfull \hbox (15.0pt too wide) in paragraph at lines 118--118
[]$[]$ 
 []


Overfull \hbox (15.0pt too wide) in paragraph at lines 121--121
[]$[]$ 
 []


Overfull \hbox (15.0pt too wide) in paragraph at lines 124--124
[]$[]$ 
 []


Overfull \hbox (15.0pt too wide) in paragraph at lines 127--127
[]$[]$ 
 []


Overfull \hbox (15.0pt too wide) in paragraph at lines 130--130
[]$[]$ 
 []

[5]
Overfull \hbox (15.0pt too wide) in paragraph at lines 133--133
[]$[]$ 
 []


Overfull \hbox (15.0pt too wide) in paragraph at lines 136--136
[]$[]$ 
 []


Overfull \hbox (15.0pt too wide) in paragraph at lines 139--139
[]$[]$ 
 []


Overfull \hbox (15.0pt too wide) in paragraph at lines 142--142
[]$[]$ 
 []


Overfull \hbox (15.0pt too wide) in paragraph at lines 145--145
[]$[]$ 
 []


Overfull \hbox (15.0pt too wide) in paragraph at lines 148--148
[]$[]$ 
 []


Overfull \hbox (15.0pt too wide) in paragraph at lines 151--151
[]$[]$ 
 []

[6]
Overfull \hbox (15.0pt too wide) in paragraph at lines 154--154
[]$[]$ 
 []


Overfull \hbox (15.0pt too wide) in paragraph at lines 157--157
[]$[]$ 
 []


Overfull \hbox (15.0pt too wide) in paragraph at lines 160--160
[]$[]$ 
 []


Overfull \hbox (15.0pt too wide) in paragraph at lines 163--163
[]$[]$ 
 []


Overfull \hbox (15.0pt too wide) in paragraph at lines 166--166
[]$[]$ 
 []


Overfull \hbox (15.0pt too wide) in paragraph at lines 169--169
[]$[]$ 
 []


Overfull \hbox (15.0pt too wide) in paragraph at lines 172--172
[]$[]$ 
 []

[7]
Overfull \hbox (15.0pt too wide) in paragraph at lines 175--175
[]$[]$ 
 []


Overfull \hbox (15.0pt too wide) in paragraph at lines 178--178
[]$[]$ 
 []


Overfull \hbox (15.0pt too wide) in paragraph at lines 181--181
[]$[]$ 
 []


Overfull \hbox (15.0pt too wide) in paragraph at lines 184--184
[]$[]$ 
 []

[8] (latex.aux)
 ***********
LaTeX2e <2023-11-01> patch level 1
L3 programming layer <2024-01-04>
 ***********
 ) 
Here is how much of TeX's memory you used:
 583 strings out of 474486
 11050 string characters out of 5744227
 1933542 words of memory out of 5000000
 22945 multiletter control sequences out of 15000+600000
 559279 words of font info for 40 fonts, out of 8000000 for 9000
 1141 hyphenation exceptions out of 8191
 35i,5n,50p,198b,237s stack positions out of 10000i,1000n,20000p,200000b,200000s
<C:/Users/DELL/AppData/Local/Programs/MiKTeX/fonts/type1/public/amsfonts/cm/c
mbx12.pfb><C:/Users/DELL/AppData/Local/Programs/MiKTeX/fonts/type1/public/amsfo
nts/cm/cmr10.pfb>
Output written on latex.pdf (8 pages, 37647 bytes).
PDF statistics:
 39 PDF objects out of 1000 (max. 8388607)
 0 named destinations out of 1000 (max. 500000)
 1 words of extra memory for PDF output out of 10000 (max. 10000000)

